0 silly argv { _: [ 'bootstrap' ],
0 silly argv   help: false,
0 silly argv   h: false,
0 silly argv   version: false,
0 silly argv   v: false,
0 silly argv   'reject-cycles': undefined,
0 silly argv   rejectCycles: undefined,
0 silly argv   sort: undefined,
0 silly argv   'ignore-scripts': undefined,
0 silly argv   ignoreScripts: undefined,
0 silly argv   '$0': 'C:\\Users\\user\\AppData\\Roaming\\npm\\node_modules\\lerna\\bin\\lerna.js',
0 silly argv   loglevel: undefined,
0 silly argv   concurrency: undefined,
0 silly argv   scope: undefined,
0 silly argv   since: undefined,
0 silly argv   ignore: undefined,
0 silly argv   'include-filtered-dependencies': undefined,
0 silly argv   'max-buffer': undefined,
0 silly argv   hoist: undefined,
0 silly argv   nohoist: undefined,
0 silly argv   mutex: undefined,
0 silly argv   'npm-client': undefined,
0 silly argv   registry: undefined }
1 info version 3.0.0-alpha.1
2 verbose rootPath D:\Projects\awr
3 silly batched [ PackageGraphNode {
3 silly batched     name: 'awr-app',
3 silly batched     externalDependencies:
3 silly batched      Map {
3 silly batched        'babel-plugin-module-resolver' => [Object],
3 silly batched        'babel-plugin-styled-components' => [Object],
3 silly batched        'babel-plugin-transform-decorators-legacy' => [Object],
3 silly batched        'cross-env' => [Object],
3 silly batched        'eslint' => [Object],
3 silly batched        'eslint-config-airbnb' => [Object],
3 silly batched        'eslint-config-prettier' => [Object],
3 silly batched        'eslint-import-resolver-babel-module' => [Object],
3 silly batched        'eslint-plugin-import' => [Object],
3 silly batched        'eslint-plugin-prettier' => [Object],
3 silly batched        'nodemon' => [Object],
3 silly batched        'awr-components' => [Object],
3 silly batched        'awr-utils' => [Object],
3 silly batched        'awr-validation' => [Object],
3 silly batched        'jss' => [Object],
3 silly batched        'material-ui' => [Object],
3 silly batched        'mobx' => [Object],
3 silly batched        'mobx-react' => [Object],
3 silly batched        'mobx-state-tree' => [Object],
3 silly batched        'next' => [Object],
3 silly batched        'nprogress' => [Object],
3 silly batched        'react' => [Object],
3 silly batched        'react-dom' => [Object],
3 silly batched        'react-jss' => [Object],
3 silly batched        'styled-components' => [Object] },
3 silly batched     localDependencies: Map {},
3 silly batched     localDependents: Map {} },
3 silly batched   PackageGraphNode {
3 silly batched     name: 'awr-components',
3 silly batched     externalDependencies: Map {},
3 silly batched     localDependencies: Map {},
3 silly batched     localDependents: Map {} },
3 silly batched   PackageGraphNode {
3 silly batched     name: 'awr-utils',
3 silly batched     externalDependencies: Map {},
3 silly batched     localDependencies: Map {},
3 silly batched     localDependents: Map {} },
3 silly batched   PackageGraphNode {
3 silly batched     name: 'awr-validation',
3 silly batched     externalDependencies: Map {},
3 silly batched     localDependencies: Map {},
3 silly batched     localDependents: Map {} } ]
4 silly npmConfig { registry: undefined,
4 silly npmConfig   npmClient: 'npm',
4 silly npmConfig   npmClientArgs: undefined,
4 silly npmConfig   mutex: undefined }
5 info Bootstrapping 4 packages
6 info lifecycle preinstall
7 silly hasDependencyInstalled awr-app babel-plugin-module-resolver
8 silly hasDependencyInstalled awr-app babel-plugin-styled-components
9 silly hasDependencyInstalled awr-app babel-plugin-transform-decorators-legacy
10 silly hasDependencyInstalled awr-app cross-env
11 silly hasDependencyInstalled awr-app eslint
12 silly hasDependencyInstalled awr-app eslint-config-airbnb
13 silly hasDependencyInstalled awr-app eslint-config-prettier
14 silly hasDependencyInstalled awr-app eslint-import-resolver-babel-module
15 silly hasDependencyInstalled awr-app eslint-plugin-import
16 silly hasDependencyInstalled awr-app eslint-plugin-prettier
17 silly hasDependencyInstalled awr-app nodemon
18 silly hasDependencyInstalled awr-app awr-components
19 silly hasDependencyInstalled awr-app awr-utils
20 silly hasDependencyInstalled awr-app awr-validation
21 silly hasDependencyInstalled awr-app jss
22 silly hasDependencyInstalled awr-app material-ui
23 silly hasDependencyInstalled awr-app mobx
24 silly hasDependencyInstalled awr-app mobx-react
25 silly hasDependencyInstalled awr-app mobx-state-tree
26 silly hasDependencyInstalled awr-app next
27 silly hasDependencyInstalled awr-app nprogress
28 silly hasDependencyInstalled awr-app react
29 silly hasDependencyInstalled awr-app react-dom
30 silly hasDependencyInstalled awr-app react-jss
31 silly hasDependencyInstalled awr-app styled-components
32 silly root dependencies {}
33 silly leaf dependencies {}
34 info Installing external dependencies
35 verbose actions 1 actions, concurrency 4
36 silly installInDir awr-app [ 'babel-plugin-module-resolver@^3.1.0',
36 silly installInDir   'babel-plugin-styled-components@^1.1.5',
36 silly installInDir   'babel-plugin-transform-decorators-legacy@^1.3.4',
36 silly installInDir   'cross-env@^5.1.3',
36 silly installInDir   'eslint@^4.18.0',
36 silly installInDir   'eslint-config-airbnb@^16.1.0',
36 silly installInDir   'eslint-config-prettier@^2.9.0',
36 silly installInDir   'eslint-import-resolver-babel-module@^4.0.0',
36 silly installInDir   'eslint-plugin-import@^2.9.0',
36 silly installInDir   'eslint-plugin-prettier@^2.6.0',
36 silly installInDir   'nodemon@1.15.1',
36 silly installInDir   'awr-components@latest',
36 silly installInDir   'awr-utils@latest',
36 silly installInDir   'awr-validation@latest',
36 silly installInDir   'jss@latest',
36 silly installInDir   'material-ui@next',
36 silly installInDir   'mobx@3.5.1',
36 silly installInDir   'mobx-react@^4.4.2',
36 silly installInDir   'mobx-state-tree@1.3.1',
36 silly installInDir   'next@^5.0.0',
36 silly installInDir   'nprogress@^0.2.0',
36 silly installInDir   'react@^16.2.0',
36 silly installInDir   'react-dom@^16.2.0',
36 silly installInDir   'react-jss@latest',
36 silly installInDir   'styled-components@^2.1.0' ]
37 silly installInDir backup D:\Projects\awr\packages\awr-app\package.json
38 silly rename [ 'D:\\Projects\\awr\\packages\\awr-app\\package.json',
38 silly rename   'D:\\Projects\\awr\\packages\\awr-app\\package.json.lerna_backup' ]
39 silly installInDir writing tempJson { name: 'awr-app',
39 silly installInDir   version: '1.0.0',
39 silly installInDir   description: '',
39 silly installInDir   main: 'index.js',
39 silly installInDir   keywords: [],
39 silly installInDir   author: '',
39 silly installInDir   license: 'ISC',
39 silly installInDir   dependencies:
39 silly installInDir    { 'awr-components': 'latest',
39 silly installInDir      'awr-utils': 'latest',
39 silly installInDir      'awr-validation': 'latest',
39 silly installInDir      jss: 'latest',
39 silly installInDir      'material-ui': 'next',
39 silly installInDir      mobx: '3.5.1',
39 silly installInDir      'mobx-react': '^4.4.2',
39 silly installInDir      'mobx-state-tree': '1.3.1',
39 silly installInDir      next: '^5.0.0',
39 silly installInDir      nprogress: '^0.2.0',
39 silly installInDir      react: '^16.2.0',
39 silly installInDir      'react-dom': '^16.2.0',
39 silly installInDir      'react-jss': 'latest',
39 silly installInDir      'styled-components': '^2.1.0' },
39 silly installInDir   devDependencies:
39 silly installInDir    { 'babel-plugin-module-resolver': '^3.1.0',
39 silly installInDir      'babel-plugin-styled-components': '^1.1.5',
39 silly installInDir      'babel-plugin-transform-decorators-legacy': '^1.3.4',
39 silly installInDir      'cross-env': '^5.1.3',
39 silly installInDir      eslint: '^4.18.0',
39 silly installInDir      'eslint-config-airbnb': '^16.1.0',
39 silly installInDir      'eslint-config-prettier': '^2.9.0',
39 silly installInDir      'eslint-import-resolver-babel-module': '^4.0.0',
39 silly installInDir      'eslint-plugin-import': '^2.9.0',
39 silly installInDir      'eslint-plugin-prettier': '^2.6.0',
39 silly installInDir      nodemon: '1.15.1' } }
40 silly getExecOpts { cwd: 'D:\\Projects\\awr\\packages\\awr-app' }
41 silly npmInstall [ 'npm', [ 'install' ] ]
42 silly installInDir cleanup D:\Projects\awr\packages\awr-app\package.json
43 silly renameSync [ 'D:\\Projects\\awr\\packages\\awr-app\\package.json.lerna_backup',
43 silly renameSync   'D:\\Projects\\awr\\packages\\awr-app\\package.json' ]
44 error Error: Command failed: npm install
44 error npm ERR! code E404
44 error npm ERR! 404 Not Found: awr-utils@latest
44 error
44 error npm ERR! A complete log of this run can be found in:
44 error npm ERR!     C:\Users\user\AppData\Roaming\npm-cache\_logs\2018-02-28T07_40_07_967Z-debug.log
44 error
44 error     at makeError (C:\Users\user\AppData\Roaming\npm\node_modules\lerna\node_modules\execa\index.js:169:9)
44 error     at Promise.all.then.arr (C:\Users\user\AppData\Roaming\npm\node_modules\lerna\node_modules\execa\index.js:274:16)
44 error     at <anonymous>
